<?xml version="1.0" encoding="UTF-8"?>
<coverage generated="1767256475758" clover="3.2.0">
  <project timestamp="1767256475758" name="All files">
    <metrics statements="12" coveredstatements="12" conditionals="2" coveredconditionals="2" methods="4" coveredmethods="4" elements="18" coveredelements="18" complexity="0" loc="12" ncloc="12" packages="1" files="1" classes="1"/>
    <file name="index.jsx" path="C:\Users\sohel\OneDrive\Desktop\calendar\calendar\src\Calendar\index.jsx">
      <metrics statements="12" coveredstatements="12" conditionals="2" coveredconditionals="2" methods="4" coveredmethods="4"/>
      <line num="3" count="1" type="stmt"/>
      <line num="4" count="6" type="stmt"/>
      <line num="5" count="6" type="stmt"/>
      <line num="6" count="6" type="stmt"/>
      <line num="10" count="6" type="stmt"/>
      <line num="13" count="6" type="stmt"/>
      <line num="15" count="6" type="stmt"/>
      <line num="17" count="6" type="stmt"/>
      <line num="27" count="42" type="stmt"/>
      <line num="34" count="16" type="stmt"/>
      <line num="38" count="182" type="cond" truecount="2" falsecount="0"/>
      <line num="46" count="1" type="stmt"/>
    </file>
  </project>
</coverage>
