{"C:\\Users\\sohel\\OneDrive\\Desktop\\calendar\\calendar\\src\\Calendar\\index.jsx": {"path":"C:\\Users\\sohel\\OneDrive\\Desktop\\calendar\\calendar\\src\\Calendar\\index.jsx","statementMap":{"0":{"start":{"line":3,"column":17},"end":{"line":43,"column":1}},"1":{"start":{"line":4,"column":29},"end":{"line":4,"column":56}},"2":{"start":{"line":5,"column":26},"end":{"line":5,"column":54}},"3":{"start":{"line":6,"column":20},"end":{"line":8,"column":4}},"4":{"start":{"line":10,"column":20},"end":{"line":10,"column":54}},"5":{"start":{"line":13,"column":19},"end":{"line":13,"column":43}},"6":{"start":{"line":15,"column":21},"end":{"line":15,"column":63}},"7":{"start":{"line":17,"column":2},"end":{"line":42,"column":4}},"8":{"start":{"line":27,"column":10},"end":{"line":27,"column":36}},"9":{"start":{"line":34,"column":10},"end":{"line":34,"column":40}},"10":{"start":{"line":38,"column":10},"end":{"line":38,"column":117}},"11":{"start":{"line":46,"column":0},"end":{"line":46,"column":1}}},"fnMap":{"0":{"name":"(anonymous_0)","decl":{"start":{"line":3,"column":17},"end":{"line":3,"column":18}},"loc":{"start":{"line":3,"column":31},"end":{"line":43,"column":1}},"line":3},"1":{"name":"(anonymous_1)","decl":{"start":{"line":26,"column":24},"end":{"line":26,"column":25}},"loc":{"start":{"line":27,"column":10},"end":{"line":27,"column":36}},"line":27},"2":{"name":"(anonymous_2)","decl":{"start":{"line":33,"column":46},"end":{"line":33,"column":47}},"loc":{"start":{"line":34,"column":10},"end":{"line":34,"column":40}},"line":34},"3":{"name":"(anonymous_3)","decl":{"start":{"line":37,"column":47},"end":{"line":37,"column":48}},"loc":{"start":{"line":38,"column":10},"end":{"line":38,"column":117}},"line":38}},"branchMap":{"0":{"loc":{"start":{"line":38,"column":41},"end":{"line":38,"column":95}},"type":"cond-expr","locations":[{"start":{"line":38,"column":67},"end":{"line":38,"column":92}},{"start":{"line":38,"column":93},"end":{"line":38,"column":95}}],"line":38}},"s":{"0":1,"1":6,"2":6,"3":6,"4":6,"5":6,"6":6,"7":6,"8":42,"9":16,"10":182,"11":1},"f":{"0":6,"1":42,"2":16,"3":182},"b":{"0":[6,176]},"_coverageSchema":"1a1c01bbd47fc00a2c39e90264f33305004495a9","hash":"100aae7123cb35e0c9601b97832863d394c60c72"}
}
